<?xml version="1.0" encoding="UTF-8"?>
<testng-results ignored="0" total="1" passed="1" failed="0" skipped="0">
  <reporter-output>
  </reporter-output>
  <suite started-at="2021-07-21T21:23:41 CDT" name="Suite" finished-at="2021-07-21T21:23:49 CDT" duration-ms="8075">
    <groups>
    </groups>
    <test started-at="2021-07-21T21:23:41 CDT" name="Test" finished-at="2021-07-21T21:23:49 CDT" duration-ms="8075">
      <class name="com.Jenkins.com.Jenkins.FreestyleProject">
        <test-method is-config="true" signature="setUp()[pri:0, instance:com.Jenkins.com.Jenkins.FreestyleProject@2002fc1d]" started-at="2021-07-21T21:23:41 CDT" name="setUp" finished-at="2021-07-21T21:23:48 CDT" duration-ms="7268" status="PASS">
          <reporter-output>
          </reporter-output>
        </test-method> <!-- setUp -->
        <test-method signature="checkPageTitle()[pri:0, instance:com.Jenkins.com.Jenkins.FreestyleProject@2002fc1d]" started-at="2021-07-21T21:23:48 CDT" name="checkPageTitle" finished-at="2021-07-21T21:23:48 CDT" duration-ms="42" status="PASS">
          <reporter-output>
          </reporter-output>
        </test-method> <!-- checkPageTitle -->
        <test-method is-config="true" signature="tearDown()[pri:0, instance:com.Jenkins.com.Jenkins.FreestyleProject@2002fc1d]" started-at="2021-07-21T21:23:48 CDT" name="tearDown" finished-at="2021-07-21T21:23:49 CDT" duration-ms="710" status="PASS">
          <reporter-output>
          </reporter-output>
        </test-method> <!-- tearDown -->
      </class> <!-- com.Jenkins.com.Jenkins.FreestyleProject -->
    </test> <!-- Test -->
  </suite> <!-- Suite -->
</testng-results>
