<?xml version="1.0" encoding="UTF-8"?>
<testng-results ignored="0" total="1" passed="1" failed="0" skipped="0">
  <reporter-output>
  </reporter-output>
  <suite started-at="2021-07-20T18:15:57 CDT" name="Default suite" finished-at="2021-07-20T18:16:05 CDT" duration-ms="7530">
    <groups>
    </groups>
    <test started-at="2021-07-20T18:15:57 CDT" name="Default test" finished-at="2021-07-20T18:16:05 CDT" duration-ms="7530">
      <class name="com.Jenkins.com.Jenkins.FreestyleProject">
        <test-method is-config="true" signature="setUp()[pri:0, instance:com.Jenkins.com.Jenkins.FreestyleProject@5ab9e72c]" started-at="2021-07-20T18:15:57 CDT" name="setUp" finished-at="2021-07-20T18:16:04 CDT" duration-ms="6458" status="PASS">
          <reporter-output>
          </reporter-output>
        </test-method> <!-- setUp -->
        <test-method signature="checkPageTitle()[pri:0, instance:com.Jenkins.com.Jenkins.FreestyleProject@5ab9e72c]" started-at="2021-07-20T18:16:04 CDT" name="checkPageTitle" finished-at="2021-07-20T18:16:04 CDT" duration-ms="287" status="PASS">
          <reporter-output>
          </reporter-output>
        </test-method> <!-- checkPageTitle -->
        <test-method is-config="true" signature="tearDown()[pri:0, instance:com.Jenkins.com.Jenkins.FreestyleProject@5ab9e72c]" started-at="2021-07-20T18:16:04 CDT" name="tearDown" finished-at="2021-07-20T18:16:05 CDT" duration-ms="740" status="PASS">
          <reporter-output>
          </reporter-output>
        </test-method> <!-- tearDown -->
      </class> <!-- com.Jenkins.com.Jenkins.FreestyleProject -->
    </test> <!-- Default test -->
  </suite> <!-- Default suite -->
</testng-results>
